flex version 2.5.35 usage statistics:
  scanner options: -dsvI8 -Cem -oyylex.cpp
  298/2000 NFA states
  110/1000 DFA states (597 words)
  51 rules
  Compressed tables always back-up
  1/40 start conditions
  170 epsilon states, 71 double epsilon states
  17/100 character classes needed 226/500 words of storage, 0 reused
  1860 state/nextstate pairs created
  280/1580 unique/duplicate transitions
  118/1000 base-def entries created
  191/2000 (peak 421) nxt-chk entries created
  32/2500 (peak 376) template nxt-chk entries created
  0 empty table entries
  8 protos created
  8 templates created, 73 uses
  47/256 equivalence classes created
  4/256 meta-equivalence classes created
  1 (7 saved) hash collisions, 173 DFAs equal
  0 sets of reallocations needed
  921 total table entries needed
